#! /usr/bin/vvp
:ivl_version "10.1 (stable)";
:ivl_delay_selection "TYPICAL";
:vpi_time_precision - 12;
:vpi_module "system";
:vpi_module "vhdl_sys";
:vpi_module "v2005_math";
:vpi_module "va_math";
:vpi_module "v2009";
S_0x5587d5261bc0 .scope module, "pkt8to256out" "pkt8to256out" 2 10;
 .timescale -9 -12;
    .port_info 0 /INPUT 1 "RST"
    .port_info 1 /INPUT 8 "rxd"
    .port_info 2 /INPUT 1 "clk"
    .port_info 3 /INPUT 1 "rxen"
    .port_info 4 /OUTPUT 256 "out256b_r"
    .port_info 5 /OUTPUT 1 "en_out_r"
    .port_info 6 /OUTPUT 4 "id_r"
    .port_info 7 /OUTPUT 16 "segnum_r"
P_0x5587d5265980 .param/l "sentinel" 0 2 28, C4<1111111111111111000000000000000011111111111111110000000000000000101010111100110110101011110011011010101111001101101010111100110110000001101011110001100111111010000100110011000111011110101011010000110011101110011100001101000010001010101100111111111111111111>;
P_0x5587d52659c0 .param/l "whereis_id" 0 2 10, +C4<00000000000000000000000000100100>;
P_0x5587d5265a00 .param/l "whereis_segnum" 0 2 10, +C4<00000000000000000000000000100010>;
enum0x5587d51d0250 .enum2/s (32)
   "WINIT" 0,
   "WRITING" 1,
   "WRITE_END" 2,
   "WRITE_SENTINEL" 3
 ;
enum0x5587d51d04b0 .enum2/s (32)
   "RINIT" 0,
   "RSTART" 1,
   "READING" 2,
   "REND" 3
 ;
enum0x5587d5232240 .enum2/s (32)
   "RXINIT" 0,
   "RXSTART" 1,
   "RXWAIT" 2,
   "RXEND" 3
 ;
L_0x5587d5298f00 .functor AND 1, L_0x5587d52a9b90, L_0x5587d5299460, C4<1>, C4<1>;
L_0x5587d5299710 .functor AND 1, v0x5587d5295c80_0, L_0x5587d52995e0, C4<1>, C4<1>;
L_0x5587d52a9a80 .functor AND 1, L_0x5587d52a97e0, L_0x5587d52a9900, C4<1>, C4<1>;
L_0x5587d52a9b90 .functor OR 1, L_0x5587d52a9a80, v0x5587d5296780_0, C4<0>, C4<0>;
L_0x5587d52aa120 .functor BUFZ 1, v0x5587d5295a00_0, C4<0>, C4<0>, C4<0>;
L_0x5587d52aa760 .functor BUFZ 4, v0x5587d5295ac0_0, C4<0000>, C4<0000>, C4<0000>;
L_0x5587d52aa810 .functor BUFZ 16, v0x5587d5295ba0_0, C4<0000000000000000>, C4<0000000000000000>, C4<0000000000000000>;
L_0x5587d52aa880 .functor BUFZ 256, v0x5587d5295920_0, C4<0000000000000000000000000000000000000000000000000000000000000000000000000000000000000000000000000000000000000000000000000000000000000000000000000000000000000000000000000000000000000000000000000000000000000000000000000000000000000000000000000000000000000000>, C4<0000000000000000000000000000000000000000000000000000000000000000000000000000000000000000000000000000000000000000000000000000000000000000000000000000000000000000000000000000000000000000000000000000000000000000000000000000000000000000000000000000000000000000>, C4<0000000000000000000000000000000000000000000000000000000000000000000000000000000000000000000000000000000000000000000000000000000000000000000000000000000000000000000000000000000000000000000000000000000000000000000000000000000000000000000000000000000000000000>;
o0x7f33fca21b88 .functor BUFZ 1, C4<z>; HiZ drive
v0x5587d52940c0_0 .net "RST", 0 0, o0x7f33fca21b88;  0 drivers
v0x5587d5294180_0 .net *"_s1", 0 0, L_0x5587d5299460;  1 drivers
v0x5587d5294220_0 .net *"_s10", 0 0, L_0x5587d52a97e0;  1 drivers
L_0x7f33fc9d84e0 .functor BUFT 1, C4<11111>, C4<0>, C4<0>, C4<0>;
v0x5587d52942c0_0 .net/2u *"_s12", 4 0, L_0x7f33fc9d84e0;  1 drivers
v0x5587d52943a0_0 .net *"_s14", 0 0, L_0x5587d52a9900;  1 drivers
v0x5587d5294460_0 .net *"_s16", 0 0, L_0x5587d52a9a80;  1 drivers
L_0x7f33fc9d8528 .functor BUFT 1, C4<00000000000000000000000011111000>, C4<0>, C4<0>, C4<0>;
v0x5587d5294520_0 .net/2u *"_s20", 31 0, L_0x7f33fc9d8528;  1 drivers
v0x5587d5294600_0 .net *"_s22", 31 0, L_0x5587d52a9cd0;  1 drivers
L_0x7f33fc9d8570 .functor BUFT 1, C4<000000000000000000000000000>, C4<0>, C4<0>, C4<0>;
v0x5587d52946e0_0 .net *"_s25", 26 0, L_0x7f33fc9d8570;  1 drivers
v0x5587d52947c0_0 .net *"_s26", 31 0, L_0x5587d52a9f40;  1 drivers
v0x5587d52948a0_0 .net *"_s28", 28 0, L_0x5587d52a9e10;  1 drivers
L_0x7f33fc9d85b8 .functor BUFT 1, C4<000>, C4<0>, C4<0>, C4<0>;
v0x5587d5294980_0 .net *"_s30", 2 0, L_0x7f33fc9d85b8;  1 drivers
v0x5587d5294a60_0 .net *"_s32", 31 0, L_0x5587d52aa080;  1 drivers
L_0x7f33fc9d8600 .functor BUFT 1, C4<1111111111111111000000000000000011111111111111110000000000000000101010111100110110101011110011011010101111001101101010111100110110000001101011110001100111111010000100110011000111011110101011010000110011101110011100001101000010001010101100111111111111111111>, C4<0>, C4<0>, C4<0>;
v0x5587d5294b40_0 .net/2u *"_s36", 255 0, L_0x7f33fc9d8600;  1 drivers
v0x5587d5294c20_0 .net *"_s38", 255 0, L_0x5587d52aa480;  1 drivers
v0x5587d5294d00_0 .net *"_s5", 0 0, L_0x5587d52995e0;  1 drivers
L_0x7f33fc9d8498 .functor BUFT 1, C4<00000000000000000000000000000001>, C4<0>, C4<0>, C4<0>;
v0x5587d5294dc0_0 .net/2s *"_s8", 31 0, L_0x7f33fc9d8498;  1 drivers
o0x7f33fca21a68 .functor BUFZ 1, C4<z>; HiZ drive
v0x5587d5294ea0_0 .net "clk", 0 0, o0x7f33fca21a68;  0 drivers
v0x5587d5294f40_0 .net "din", 255 0, L_0x5587d52aa5d0;  1 drivers
v0x5587d5295000_0 .net "dout", 255 0, v0x5587d5292c80_0;  1 drivers
v0x5587d52950a0_0 .net "empty", 0 0, L_0x5587d5298cd0;  1 drivers
v0x5587d5295140_0 .var "en_counter", 12 0;
v0x5587d52951e0_0 .net "en_out", 0 0, L_0x5587d52aa120;  1 drivers
v0x5587d52952a0_0 .var "en_out_r", 0 0;
v0x5587d5295360_0 .net "full", 0 0, L_0x5587d5297900;  1 drivers
v0x5587d5295400_0 .net "id", 3 0, L_0x5587d52aa760;  1 drivers
v0x5587d52954c0_0 .var "id_got", 3 0;
v0x5587d52955a0_0 .var "id_r", 3 0;
v0x5587d5295680_0 .var "id_save", 3 0;
v0x5587d5295760_0 .net "out256b", 255 0, L_0x5587d52aa880;  1 drivers
v0x5587d5295840_0 .var "out256b_r", 255 0;
v0x5587d5295920_0 .var "output_data", 255 0;
v0x5587d5295a00_0 .var "output_en", 0 0;
v0x5587d5295ac0_0 .var "output_id", 3 0;
v0x5587d5295ba0_0 .var "output_segnum", 15 0;
v0x5587d5295c80_0 .var "rd_en", 0 0;
v0x5587d5295d40_0 .var/2s "rstate", 31 0;
o0x7f33fca224b8 .functor BUFZ 8, C4<zzzzzzzz>; HiZ drive
v0x5587d5295e20_0 .net "rxd", 7 0, o0x7f33fca224b8;  0 drivers
o0x7f33fca224e8 .functor BUFZ 1, C4<z>; HiZ drive
v0x5587d5295f00_0 .net "rxen", 0 0, o0x7f33fca224e8;  0 drivers
v0x5587d5295fc0_0 .var/2s "rxstate", 31 0;
v0x5587d52960a0_0 .net "segnum", 15 0, L_0x5587d52aa810;  1 drivers
v0x5587d5296180_0 .var "segnum_got", 15 0;
v0x5587d5296260_0 .var "segnum_r", 15 0;
v0x5587d5296340_0 .var "segnum_save", 15 0;
v0x5587d5296420_0 .var "shift_count", 4 0;
v0x5587d5296500_0 .var "shift_reg_rxd", 255 0;
v0x5587d52965e0_0 .net "shift_reg_shiftc", 255 0, L_0x5587d52aa280;  1 drivers
v0x5587d52966c0_0 .net "wr_en", 0 0, L_0x5587d52a9b90;  1 drivers
v0x5587d5296780_0 .var "wr_en_force", 0 0;
v0x5587d5296840_0 .var "wr_sentinel", 0 0;
v0x5587d5296900_0 .var "wr_shiftc", 0 0;
v0x5587d52969c0_0 .var/2s "wstate", 31 0;
L_0x5587d5299460 .reduce/nor L_0x5587d5297900;
L_0x5587d52995e0 .reduce/nor L_0x5587d5298cd0;
L_0x5587d52a97e0 .cmp/eq 32, v0x5587d52969c0_0, L_0x7f33fc9d8498;
L_0x5587d52a9900 .cmp/eq 5, v0x5587d5296420_0, L_0x7f33fc9d84e0;
L_0x5587d52a9cd0 .concat [ 5 27 0 0], v0x5587d5296420_0, L_0x7f33fc9d8570;
L_0x5587d52a9e10 .part L_0x5587d52a9cd0, 0, 29;
L_0x5587d52a9f40 .concat [ 3 29 0 0], L_0x7f33fc9d85b8, L_0x5587d52a9e10;
L_0x5587d52aa080 .arith/sub 32, L_0x7f33fc9d8528, L_0x5587d52a9f40;
L_0x5587d52aa280 .shift/l 256, v0x5587d5296500_0, L_0x5587d52aa080;
L_0x5587d52aa480 .functor MUXZ 256, v0x5587d5296500_0, L_0x5587d52aa280, v0x5587d5296900_0, C4<>;
L_0x5587d52aa5d0 .functor MUXZ 256, L_0x5587d52aa480, L_0x7f33fc9d8600, v0x5587d5296840_0, C4<>;
S_0x5587d52655a0 .scope module, "asyncFIFO_i" "super_asyncFIFO" 2 63, 3 13 0, S_0x5587d5261bc0;
 .timescale -9 -12;
    .port_info 0 /INPUT 1 "rst"
    .port_info 1 /INPUT 1 "wr_clk"
    .port_info 2 /INPUT 1 "wr_en"
    .port_info 3 /INPUT 256 "din"
    .port_info 4 /OUTPUT 1 "almost_full"
    .port_info 5 /OUTPUT 1 "full"
    .port_info 6 /INPUT 1 "rd_clk"
    .port_info 7 /INPUT 1 "rd_en"
    .port_info 8 /OUTPUT 256 "dout"
    .port_info 9 /OUTPUT 1 "empty"
    .port_info 10 /OUTPUT 1 "almost_empty"
P_0x5587d525ff30 .param/str "FWFT_mode" 0 3 13, "TRUE";
P_0x5587d525ff70 .param/l "WA" 0 3 13, +C4<00000000000000000000000000000100>;
P_0x5587d525ffb0 .param/l "WD" 0 3 13, +C4<00000000000000000000000100000000>;
L_0x5587d51d0750 .functor NOT 5, L_0x5587d5296ce0, C4<00000>, C4<00000>, C4<00000>;
L_0x5587d51d0660 .functor AND 5, L_0x5587d5296bf0, L_0x5587d51d0750, C4<11111>, C4<11111>;
L_0x5587d5209c90 .functor XOR 5, L_0x5587d5296f10, L_0x5587d5297150, C4<00000>, C4<00000>;
L_0x5587d5297b30 .functor NOT 5, L_0x5587d5298480, C4<00000>, C4<00000>, C4<00000>;
L_0x5587d51d1ab0 .functor AND 5, L_0x5587d5298390, L_0x5587d5297b30, C4<11111>, C4<11111>;
L_0x5587d51d1990 .functor XOR 5, L_0x5587d5298200, L_0x5587d5298940, C4<00000>, C4<00000>;
v0x5587d525b8f0_0 .net *"_s0", 4 0, L_0x5587d5296bf0;  1 drivers
v0x5587d525c290_0 .net *"_s10", 4 0, L_0x5587d51d0660;  1 drivers
v0x5587d525c360_0 .net *"_s14", 4 0, L_0x5587d5297150;  1 drivers
v0x5587d525e130_0 .net *"_s16", 3 0, L_0x5587d5297000;  1 drivers
L_0x7f33fc9d80a8 .functor BUFT 1, C4<0>, C4<0>, C4<0>, C4<0>;
v0x5587d525e1d0_0 .net *"_s18", 0 0, L_0x7f33fc9d80a8;  1 drivers
v0x5587d5290970_0 .net *"_s23", 0 0, L_0x5587d5297310;  1 drivers
v0x5587d5290a50_0 .net *"_s25", 0 0, L_0x5587d52973f0;  1 drivers
v0x5587d5290b10_0 .net *"_s27", 3 0, L_0x5587d52974e0;  1 drivers
v0x5587d5290bf0_0 .net *"_s28", 4 0, L_0x5587d5297620;  1 drivers
L_0x7f33fc9d8018 .functor BUFT 1, C4<0000>, C4<0>, C4<0>, C4<0>;
v0x5587d5290cd0_0 .net *"_s3", 3 0, L_0x7f33fc9d8018;  1 drivers
v0x5587d5290db0_0 .net *"_s30", 0 0, L_0x5587d5297760;  1 drivers
L_0x7f33fc9d80f0 .functor BUFT 1, C4<1>, C4<0>, C4<0>, C4<0>;
v0x5587d5290e70_0 .net/2u *"_s32", 0 0, L_0x7f33fc9d80f0;  1 drivers
L_0x7f33fc9d8138 .functor BUFT 1, C4<0>, C4<0>, C4<0>, C4<0>;
v0x5587d5290f50_0 .net/2u *"_s34", 0 0, L_0x7f33fc9d8138;  1 drivers
v0x5587d5291030_0 .net *"_s39", 0 0, L_0x5587d5297a90;  1 drivers
v0x5587d5291110_0 .net *"_s4", 4 0, L_0x5587d5296ce0;  1 drivers
v0x5587d52911f0_0 .net *"_s41", 0 0, L_0x5587d5297ba0;  1 drivers
v0x5587d52912b0_0 .net *"_s43", 3 0, L_0x5587d5297c90;  1 drivers
L_0x7f33fc9d8180 .functor BUFT 1, C4<0010>, C4<0>, C4<0>, C4<0>;
v0x5587d52914a0_0 .net/2u *"_s44", 3 0, L_0x7f33fc9d8180;  1 drivers
v0x5587d5291580_0 .net *"_s46", 3 0, L_0x5587d5297db0;  1 drivers
v0x5587d5291660_0 .net *"_s48", 4 0, L_0x5587d5297ea0;  1 drivers
v0x5587d5291740_0 .net *"_s50", 0 0, L_0x5587d5298070;  1 drivers
L_0x7f33fc9d81c8 .functor BUFT 1, C4<1>, C4<0>, C4<0>, C4<0>;
v0x5587d5291800_0 .net/2u *"_s52", 0 0, L_0x7f33fc9d81c8;  1 drivers
L_0x7f33fc9d8210 .functor BUFT 1, C4<0>, C4<0>, C4<0>, C4<0>;
v0x5587d52918e0_0 .net/2u *"_s54", 0 0, L_0x7f33fc9d8210;  1 drivers
v0x5587d52919c0_0 .net *"_s58", 4 0, L_0x5587d5298390;  1 drivers
L_0x7f33fc9d8258 .functor BUFT 1, C4<0000>, C4<0>, C4<0>, C4<0>;
v0x5587d5291aa0_0 .net *"_s61", 3 0, L_0x7f33fc9d8258;  1 drivers
v0x5587d5291b80_0 .net *"_s62", 4 0, L_0x5587d5298480;  1 drivers
L_0x7f33fc9d82a0 .functor BUFT 1, C4<0000>, C4<0>, C4<0>, C4<0>;
v0x5587d5291c60_0 .net *"_s65", 3 0, L_0x7f33fc9d82a0;  1 drivers
v0x5587d5291d40_0 .net *"_s66", 4 0, L_0x5587d5297b30;  1 drivers
v0x5587d5291e20_0 .net *"_s68", 4 0, L_0x5587d51d1ab0;  1 drivers
L_0x7f33fc9d8060 .functor BUFT 1, C4<0000>, C4<0>, C4<0>, C4<0>;
v0x5587d5291f00_0 .net *"_s7", 3 0, L_0x7f33fc9d8060;  1 drivers
v0x5587d5291fe0_0 .net *"_s72", 4 0, L_0x5587d5298940;  1 drivers
v0x5587d52920c0_0 .net *"_s74", 3 0, L_0x5587d5298790;  1 drivers
L_0x7f33fc9d82e8 .functor BUFT 1, C4<0>, C4<0>, C4<0>, C4<0>;
v0x5587d52921a0_0 .net *"_s76", 0 0, L_0x7f33fc9d82e8;  1 drivers
v0x5587d5292280_0 .net *"_s8", 4 0, L_0x5587d51d0750;  1 drivers
v0x5587d5292360_0 .net *"_s80", 0 0, L_0x5587d5298b10;  1 drivers
L_0x7f33fc9d8330 .functor BUFT 1, C4<1>, C4<0>, C4<0>, C4<0>;
v0x5587d5292420_0 .net/2u *"_s82", 0 0, L_0x7f33fc9d8330;  1 drivers
L_0x7f33fc9d8378 .functor BUFT 1, C4<0>, C4<0>, C4<0>, C4<0>;
v0x5587d5292500_0 .net/2u *"_s84", 0 0, L_0x7f33fc9d8378;  1 drivers
L_0x7f33fc9d83c0 .functor BUFT 1, C4<00010>, C4<0>, C4<0>, C4<0>;
v0x5587d52925e0_0 .net/2u *"_s88", 4 0, L_0x7f33fc9d83c0;  1 drivers
v0x5587d52926c0_0 .net *"_s90", 4 0, L_0x5587d5298e60;  1 drivers
v0x5587d52927a0_0 .net *"_s92", 0 0, L_0x5587d52990f0;  1 drivers
L_0x7f33fc9d8408 .functor BUFT 1, C4<1>, C4<0>, C4<0>, C4<0>;
v0x5587d5292860_0 .net/2u *"_s94", 0 0, L_0x7f33fc9d8408;  1 drivers
L_0x7f33fc9d8450 .functor BUFT 1, C4<0>, C4<0>, C4<0>, C4<0>;
v0x5587d5292940_0 .net/2u *"_s96", 0 0, L_0x7f33fc9d8450;  1 drivers
v0x5587d5292a20_0 .net "almost_empty", 0 0, L_0x5587d52991e0;  1 drivers
v0x5587d5292ae0_0 .net "almost_full", 0 0, L_0x5587d5298160;  1 drivers
v0x5587d5292ba0_0 .net "din", 255 0, L_0x5587d52aa5d0;  alias, 1 drivers
v0x5587d5292c80_0 .var "dout", 255 0;
v0x5587d5292d60_0 .net "empty", 0 0, L_0x5587d5298cd0;  alias, 1 drivers
v0x5587d5292e20_0 .net "full", 0 0, L_0x5587d5297900;  alias, 1 drivers
v0x5587d5292ee0_0 .net "next_radr", 4 0, L_0x5587d5298200;  1 drivers
v0x5587d5292fc0_0 .net "next_rptr", 4 0, L_0x5587d51d1990;  1 drivers
v0x5587d52930a0_0 .net "next_wadr", 4 0, L_0x5587d5296f10;  1 drivers
v0x5587d5293180_0 .net "next_wptr", 4 0, L_0x5587d5209c90;  1 drivers
v0x5587d5293260_0 .var "radr_reg", 4 0;
v0x5587d5293340 .array "ram", 15 0, 255 0;
v0x5587d5293400_0 .net "rd_clk", 0 0, o0x7f33fca21a68;  alias, 0 drivers
v0x5587d52934c0_0 .net "rd_en", 0 0, L_0x5587d5299710;  1 drivers
v0x5587d5293580_0 .var "rdbinary", 4 0;
v0x5587d5293660_0 .var "rptr0_reg", 4 0;
v0x5587d5293740_0 .var "rptr1_reg", 4 0;
v0x5587d5293820_0 .var "rptr_reg", 4 0;
v0x5587d5293900_0 .net "rst", 0 0, o0x7f33fca21b88;  alias, 0 drivers
v0x5587d52939c0_0 .var "wadr_reg", 4 0;
v0x5587d5293aa0_0 .var "wptr0_reg", 4 0;
v0x5587d5293b80_0 .var "wptr1_reg", 4 0;
v0x5587d5293c60_0 .var "wptr_reg", 4 0;
v0x5587d5293d40_0 .net "wr_clk", 0 0, o0x7f33fca21a68;  alias, 0 drivers
v0x5587d5293de0_0 .net "wr_en", 0 0, L_0x5587d5298f00;  1 drivers
v0x5587d5293e80_0 .var "wrbinary", 4 0;
E_0x5587d520cca0 .event edge, v0x5587d525b850_0, v0x5587d5293b80_0, v0x5587d5293e80_0;
E_0x5587d520d4e0 .event posedge, v0x5587d5293900_0, v0x5587d5293400_0;
E_0x5587d520e0c0 .event edge, v0x5587d525a880_0, v0x5587d5293740_0, v0x5587d5293580_0;
E_0x5587d520fe70 .event posedge, v0x5587d5293400_0;
L_0x5587d5296bf0 .concat [ 1 4 0 0], L_0x5587d5298f00, L_0x7f33fc9d8018;
L_0x5587d5296ce0 .concat [ 1 4 0 0], L_0x5587d5297900, L_0x7f33fc9d8060;
L_0x5587d5296f10 .arith/sum 5, v0x5587d52939c0_0, L_0x5587d51d0660;
L_0x5587d5297000 .part L_0x5587d5296f10, 1, 4;
L_0x5587d5297150 .concat [ 4 1 0 0], L_0x5587d5297000, L_0x7f33fc9d80a8;
L_0x5587d5297310 .part v0x5587d5293580_0, 4, 1;
L_0x5587d52973f0 .reduce/nor L_0x5587d5297310;
L_0x5587d52974e0 .part v0x5587d5293580_0, 0, 4;
L_0x5587d5297620 .concat [ 4 1 0 0], L_0x5587d52974e0, L_0x5587d52973f0;
L_0x5587d5297760 .cmp/eq 5, v0x5587d52939c0_0, L_0x5587d5297620;
L_0x5587d5297900 .functor MUXZ 1, L_0x7f33fc9d8138, L_0x7f33fc9d80f0, L_0x5587d5297760, C4<>;
L_0x5587d5297a90 .part v0x5587d5293580_0, 4, 1;
L_0x5587d5297ba0 .reduce/nor L_0x5587d5297a90;
L_0x5587d5297c90 .part v0x5587d5293580_0, 0, 4;
L_0x5587d5297db0 .arith/sub 4, L_0x5587d5297c90, L_0x7f33fc9d8180;
L_0x5587d5297ea0 .concat [ 4 1 0 0], L_0x5587d5297db0, L_0x5587d5297ba0;
L_0x5587d5298070 .cmp/eq 5, v0x5587d52939c0_0, L_0x5587d5297ea0;
L_0x5587d5298160 .functor MUXZ 1, L_0x7f33fc9d8210, L_0x7f33fc9d81c8, L_0x5587d5298070, C4<>;
L_0x5587d5298390 .concat [ 1 4 0 0], L_0x5587d5299710, L_0x7f33fc9d8258;
L_0x5587d5298480 .concat [ 1 4 0 0], L_0x5587d5298cd0, L_0x7f33fc9d82a0;
L_0x5587d5298200 .arith/sum 5, v0x5587d5293260_0, L_0x5587d51d1ab0;
L_0x5587d5298790 .part L_0x5587d5298200, 1, 4;
L_0x5587d5298940 .concat [ 4 1 0 0], L_0x5587d5298790, L_0x7f33fc9d82e8;
L_0x5587d5298b10 .cmp/eq 5, v0x5587d5293e80_0, v0x5587d5293260_0;
L_0x5587d5298cd0 .functor MUXZ 1, L_0x7f33fc9d8378, L_0x7f33fc9d8330, L_0x5587d5298b10, C4<>;
L_0x5587d5298e60 .arith/sub 5, v0x5587d5293e80_0, L_0x7f33fc9d83c0;
L_0x5587d52990f0 .cmp/eq 5, L_0x5587d5298e60, v0x5587d5293260_0;
L_0x5587d52991e0 .functor MUXZ 1, L_0x7f33fc9d8450, L_0x7f33fc9d8408, L_0x5587d52990f0, C4<>;
S_0x5587d5264c00 .scope begin, "READ_GRAY2BINARY" "READ_GRAY2BINARY" 3 81, 3 81 0, S_0x5587d52655a0;
 .timescale -9 -12;
v0x5587d525a880_0 .var/i "j", 31 0;
S_0x5587d52905b0 .scope begin, "WRITE_GRAY2BINARY" "WRITE_GRAY2BINARY" 3 124, 3 124 0, S_0x5587d52655a0;
 .timescale -9 -12;
v0x5587d525b850_0 .var/i "j", 31 0;
    .scope S_0x5587d52655a0;
T_0 ;
    %wait E_0x5587d520fe70;
    %load/vec4 v0x5587d5293de0_0;
    %flag_set/vec4 8;
    %jmp/0xz  T_0.0, 8;
    %load/vec4 v0x5587d5292ba0_0;
    %load/vec4 v0x5587d52939c0_0;
    %parti/s 4, 0, 2;
    %pad/u 6;
    %ix/vec4 3;
    %ix/load 4, 0, 0; Constant delay
    %assign/vec4/a/d v0x5587d5293340, 0, 4;
T_0.0 ;
    %jmp T_0;
    .thread T_0;
    .scope S_0x5587d52655a0;
T_1 ;
    %wait E_0x5587d520fe70;
    %load/vec4 v0x5587d5293260_0;
    %parti/s 4, 0, 2;
    %pad/u 5;
    %load/vec4 v0x5587d52934c0_0;
    %flag_set/vec4 8;
    %jmp/0 T_1.0, 8;
    %pushi/vec4 1, 0, 5;
    %jmp/1 T_1.1, 8;
T_1.0 ; End of true expr.
    %pushi/vec4 0, 0, 5;
    %jmp/0 T_1.1, 8;
 ; End of false expr.
    %blend;
T_1.1;
    %add;
    %pad/u 6;
    %ix/vec4 4;
    %load/vec4a v0x5587d5293340, 4;
    %assign/vec4 v0x5587d5292c80_0, 0;
    %jmp T_1;
    .thread T_1;
    .scope S_0x5587d52655a0;
T_2 ;
    %wait E_0x5587d520d4e0;
    %load/vec4 v0x5587d5293900_0;
    %flag_set/vec4 8;
    %jmp/0xz  T_2.0, 8;
    %pushi/vec4 0, 0, 5;
    %assign/vec4 v0x5587d52939c0_0, 0;
    %pushi/vec4 0, 0, 5;
    %assign/vec4 v0x5587d5293c60_0, 0;
    %jmp T_2.1;
T_2.0 ;
    %load/vec4 v0x5587d5293de0_0;
    %flag_set/vec4 8;
    %jmp/0xz  T_2.2, 8;
    %load/vec4 v0x5587d52930a0_0;
    %assign/vec4 v0x5587d52939c0_0, 0;
    %load/vec4 v0x5587d5293180_0;
    %assign/vec4 v0x5587d5293c60_0, 0;
T_2.2 ;
T_2.1 ;
    %jmp T_2;
    .thread T_2;
    .scope S_0x5587d52655a0;
T_3 ;
    %wait E_0x5587d520d4e0;
    %load/vec4 v0x5587d5293900_0;
    %flag_set/vec4 8;
    %jmp/0xz  T_3.0, 8;
    %pushi/vec4 0, 0, 5;
    %assign/vec4 v0x5587d5293740_0, 0;
    %pushi/vec4 0, 0, 5;
    %assign/vec4 v0x5587d5293660_0, 0;
    %jmp T_3.1;
T_3.0 ;
    %load/vec4 v0x5587d5293660_0;
    %assign/vec4 v0x5587d5293740_0, 0;
    %load/vec4 v0x5587d5293820_0;
    %assign/vec4 v0x5587d5293660_0, 0;
T_3.1 ;
    %jmp T_3;
    .thread T_3;
    .scope S_0x5587d52655a0;
T_4 ;
    %wait E_0x5587d520e0c0;
    %fork t_1, S_0x5587d5264c00;
    %jmp t_0;
    .scope S_0x5587d5264c00;
t_1 ;
    %pushi/vec4 4, 0, 32;
    %store/vec4 v0x5587d525a880_0, 0, 32;
T_4.0 ;
    %pushi/vec4 0, 0, 32;
    %load/vec4 v0x5587d525a880_0;
    %cmp/s;
    %flag_or 5, 4;
    %jmp/0xz T_4.1, 5;
    %load/vec4 v0x5587d525a880_0;
    %cmpi/e 4, 0, 32;
    %jmp/0xz  T_4.2, 4;
    %load/vec4 v0x5587d5293740_0;
    %load/vec4 v0x5587d525a880_0;
    %part/s 1;
    %ix/load 5, 0, 0;
    %ix/getv/s 4, v0x5587d525a880_0;
    %assign/vec4/off/d v0x5587d5293580_0, 4, 5;
    %jmp T_4.3;
T_4.2 ;
    %load/vec4 v0x5587d5293740_0;
    %load/vec4 v0x5587d525a880_0;
    %part/s 1;
    %load/vec4 v0x5587d5293580_0;
    %load/vec4 v0x5587d525a880_0;
    %addi 1, 0, 32;
    %part/s 1;
    %xor;
    %ix/load 5, 0, 0;
    %ix/getv/s 4, v0x5587d525a880_0;
    %assign/vec4/off/d v0x5587d5293580_0, 4, 5;
T_4.3 ;
    %load/vec4 v0x5587d525a880_0;
    %subi 1, 0, 32;
    %store/vec4 v0x5587d525a880_0, 0, 32;
    %jmp T_4.0;
T_4.1 ;
    %end;
    .scope S_0x5587d52655a0;
t_0 %join;
    %jmp T_4;
    .thread T_4, $push;
    .scope S_0x5587d52655a0;
T_5 ;
    %wait E_0x5587d520d4e0;
    %load/vec4 v0x5587d5293900_0;
    %flag_set/vec4 8;
    %jmp/0xz  T_5.0, 8;
    %pushi/vec4 0, 0, 5;
    %assign/vec4 v0x5587d5293260_0, 0;
    %pushi/vec4 0, 0, 5;
    %assign/vec4 v0x5587d5293820_0, 0;
    %jmp T_5.1;
T_5.0 ;
    %load/vec4 v0x5587d52934c0_0;
    %flag_set/vec4 8;
    %jmp/0xz  T_5.2, 8;
    %load/vec4 v0x5587d5292ee0_0;
    %assign/vec4 v0x5587d5293260_0, 0;
    %load/vec4 v0x5587d5292fc0_0;
    %assign/vec4 v0x5587d5293820_0, 0;
T_5.2 ;
T_5.1 ;
    %jmp T_5;
    .thread T_5;
    .scope S_0x5587d52655a0;
T_6 ;
    %wait E_0x5587d520d4e0;
    %load/vec4 v0x5587d5293900_0;
    %flag_set/vec4 8;
    %jmp/0xz  T_6.0, 8;
    %pushi/vec4 0, 0, 5;
    %assign/vec4 v0x5587d5293b80_0, 0;
    %pushi/vec4 0, 0, 5;
    %assign/vec4 v0x5587d5293aa0_0, 0;
    %jmp T_6.1;
T_6.0 ;
    %load/vec4 v0x5587d5293aa0_0;
    %assign/vec4 v0x5587d5293b80_0, 0;
    %load/vec4 v0x5587d5293c60_0;
    %assign/vec4 v0x5587d5293aa0_0, 0;
T_6.1 ;
    %jmp T_6;
    .thread T_6;
    .scope S_0x5587d52655a0;
T_7 ;
    %wait E_0x5587d520cca0;
    %fork t_3, S_0x5587d52905b0;
    %jmp t_2;
    .scope S_0x5587d52905b0;
t_3 ;
    %pushi/vec4 4, 0, 32;
    %store/vec4 v0x5587d525b850_0, 0, 32;
T_7.0 ;
    %pushi/vec4 0, 0, 32;
    %load/vec4 v0x5587d525b850_0;
    %cmp/s;
    %flag_or 5, 4;
    %jmp/0xz T_7.1, 5;
    %load/vec4 v0x5587d525b850_0;
    %cmpi/e 4, 0, 32;
    %jmp/0xz  T_7.2, 4;
    %load/vec4 v0x5587d5293b80_0;
    %load/vec4 v0x5587d525b850_0;
    %part/s 1;
    %ix/load 5, 0, 0;
    %ix/getv/s 4, v0x5587d525b850_0;
    %assign/vec4/off/d v0x5587d5293e80_0, 4, 5;
    %jmp T_7.3;
T_7.2 ;
    %load/vec4 v0x5587d5293b80_0;
    %load/vec4 v0x5587d525b850_0;
    %part/s 1;
    %load/vec4 v0x5587d5293e80_0;
    %load/vec4 v0x5587d525b850_0;
    %addi 1, 0, 32;
    %part/s 1;
    %xor;
    %ix/load 5, 0, 0;
    %ix/getv/s 4, v0x5587d525b850_0;
    %assign/vec4/off/d v0x5587d5293e80_0, 4, 5;
T_7.3 ;
    %load/vec4 v0x5587d525b850_0;
    %subi 1, 0, 32;
    %store/vec4 v0x5587d525b850_0, 0, 32;
    %jmp T_7.0;
T_7.1 ;
    %end;
    .scope S_0x5587d52655a0;
t_2 %join;
    %jmp T_7;
    .thread T_7, $push;
    .scope S_0x5587d5261bc0;
T_8 ;
    %pushi/vec4 0, 0, 13;
    %store/vec4 v0x5587d5295140_0, 0, 13;
    %end;
    .thread T_8;
    .scope S_0x5587d5261bc0;
T_9 ;
    %pushi/vec4 0, 0, 256;
    %store/vec4 v0x5587d5296500_0, 0, 256;
    %end;
    .thread T_9;
    .scope S_0x5587d5261bc0;
T_10 ;
    %pushi/vec4 0, 0, 5;
    %store/vec4 v0x5587d5296420_0, 0, 5;
    %end;
    .thread T_10;
    .scope S_0x5587d5261bc0;
T_11 ;
    %pushi/vec4 0, 0, 1;
    %store/vec4 v0x5587d5296780_0, 0, 1;
    %end;
    .thread T_11;
    .scope S_0x5587d5261bc0;
T_12 ;
    %pushi/vec4 0, 0, 1;
    %store/vec4 v0x5587d5296840_0, 0, 1;
    %end;
    .thread T_12;
    .scope S_0x5587d5261bc0;
T_13 ;
    %pushi/vec4 0, 0, 1;
    %store/vec4 v0x5587d5296900_0, 0, 1;
    %end;
    .thread T_13;
    .scope S_0x5587d5261bc0;
T_14 ;
    %pushi/vec4 0, 0, 32;
    %store/vec4 v0x5587d52969c0_0, 0, 32;
    %end;
    .thread T_14;
    .scope S_0x5587d5261bc0;
T_15 ;
    %pushi/vec4 0, 0, 32;
    %store/vec4 v0x5587d5295d40_0, 0, 32;
    %end;
    .thread T_15;
    .scope S_0x5587d5261bc0;
T_16 ;
    %pushi/vec4 0, 0, 32;
    %store/vec4 v0x5587d5295fc0_0, 0, 32;
    %end;
    .thread T_16;
    .scope S_0x5587d5261bc0;
T_17 ;
    %wait E_0x5587d520fe70;
    %load/vec4 v0x5587d52940c0_0;
    %flag_set/vec4 8;
    %jmp/0xz  T_17.0, 8;
    %pushi/vec4 0, 0, 256;
    %store/vec4 v0x5587d5295920_0, 0, 256;
    %pushi/vec4 0, 0, 4;
    %store/vec4 v0x5587d5295ac0_0, 0, 4;
    %pushi/vec4 0, 0, 16;
    %store/vec4 v0x5587d5295ba0_0, 0, 16;
    %pushi/vec4 0, 0, 4;
    %store/vec4 v0x5587d52954c0_0, 0, 4;
    %pushi/vec4 0, 0, 4;
    %store/vec4 v0x5587d5295680_0, 0, 4;
    %pushi/vec4 0, 0, 16;
    %store/vec4 v0x5587d5296180_0, 0, 16;
    %pushi/vec4 0, 0, 1;
    %store/vec4 v0x5587d5295a00_0, 0, 1;
    %pushi/vec4 0, 0, 16;
    %store/vec4 v0x5587d5296340_0, 0, 16;
    %pushi/vec4 0, 0, 1;
    %store/vec4 v0x5587d5296780_0, 0, 1;
    %pushi/vec4 0, 0, 1;
    %store/vec4 v0x5587d5296840_0, 0, 1;
    %pushi/vec4 0, 0, 32;
    %store/vec4 v0x5587d52969c0_0, 0, 32;
    %pushi/vec4 0, 0, 32;
    %store/vec4 v0x5587d5295d40_0, 0, 32;
    %pushi/vec4 0, 0, 32;
    %store/vec4 v0x5587d5295fc0_0, 0, 32;
    %pushi/vec4 0, 0, 13;
    %store/vec4 v0x5587d5295140_0, 0, 13;
    %pushi/vec4 0, 0, 256;
    %store/vec4 v0x5587d5296500_0, 0, 256;
    %pushi/vec4 0, 0, 5;
    %store/vec4 v0x5587d5296420_0, 0, 5;
    %jmp T_17.1;
T_17.0 ;
    %load/vec4 v0x5587d52969c0_0;
    %dup/vec4;
    %pushi/vec4 0, 0, 32;
    %cmp/u;
    %jmp/1 T_17.2, 6;
    %dup/vec4;
    %pushi/vec4 1, 0, 32;
    %cmp/u;
    %jmp/1 T_17.3, 6;
    %dup/vec4;
    %pushi/vec4 2, 0, 32;
    %cmp/u;
    %jmp/1 T_17.4, 6;
    %dup/vec4;
    %pushi/vec4 3, 0, 32;
    %cmp/u;
    %jmp/1 T_17.5, 6;
    %jmp T_17.7;
T_17.2 ;
    %pushi/vec4 0, 0, 1;
    %store/vec4 v0x5587d5296900_0, 0, 1;
    %pushi/vec4 0, 0, 1;
    %store/vec4 v0x5587d5296780_0, 0, 1;
    %pushi/vec4 0, 0, 1;
    %store/vec4 v0x5587d5296840_0, 0, 1;
    %load/vec4 v0x5587d5295f00_0;
    %flag_set/vec4 8;
    %jmp/0xz  T_17.8, 8;
    %pushi/vec4 1, 0, 32;
    %assign/vec4 v0x5587d52969c0_0, 0;
T_17.8 ;
    %jmp T_17.7;
T_17.3 ;
    %pushi/vec4 0, 0, 1;
    %store/vec4 v0x5587d5296900_0, 0, 1;
    %pushi/vec4 0, 0, 1;
    %store/vec4 v0x5587d5296780_0, 0, 1;
    %pushi/vec4 0, 0, 1;
    %store/vec4 v0x5587d5296840_0, 0, 1;
    %load/vec4 v0x5587d5295f00_0;
    %nor/r;
    %flag_set/vec4 8;
    %jmp/0xz  T_17.10, 8;
    %load/vec4 v0x5587d5296420_0;
    %pad/u 32;
    %cmpi/e 31, 0, 32;
    %jmp/0xz  T_17.12, 4;
    %pushi/vec4 3, 0, 32;
    %assign/vec4 v0x5587d52969c0_0, 0;
    %jmp T_17.13;
T_17.12 ;
    %pushi/vec4 2, 0, 32;
    %assign/vec4 v0x5587d52969c0_0, 0;
T_17.13 ;
T_17.10 ;
    %jmp T_17.7;
T_17.4 ;
    %pushi/vec4 1, 0, 1;
    %store/vec4 v0x5587d5296780_0, 0, 1;
    %pushi/vec4 1, 0, 1;
    %store/vec4 v0x5587d5296900_0, 0, 1;
    %pushi/vec4 0, 0, 1;
    %store/vec4 v0x5587d5296840_0, 0, 1;
    %pushi/vec4 3, 0, 32;
    %assign/vec4 v0x5587d52969c0_0, 0;
    %jmp T_17.7;
T_17.5 ;
    %pushi/vec4 0, 0, 1;
    %store/vec4 v0x5587d5296900_0, 0, 1;
    %pushi/vec4 1, 0, 1;
    %store/vec4 v0x5587d5296780_0, 0, 1;
    %pushi/vec4 1, 0, 1;
    %store/vec4 v0x5587d5296840_0, 0, 1;
    %pushi/vec4 0, 0, 32;
    %assign/vec4 v0x5587d52969c0_0, 0;
    %jmp T_17.7;
T_17.7 ;
    %pop/vec4 1;
    %load/vec4 v0x5587d5295d40_0;
    %dup/vec4;
    %pushi/vec4 0, 0, 32;
    %cmp/u;
    %jmp/1 T_17.14, 6;
    %dup/vec4;
    %pushi/vec4 1, 0, 32;
    %cmp/u;
    %jmp/1 T_17.15, 6;
    %dup/vec4;
    %pushi/vec4 2, 0, 32;
    %cmp/u;
    %jmp/1 T_17.16, 6;
    %dup/vec4;
    %pushi/vec4 3, 0, 32;
    %cmp/u;
    %jmp/1 T_17.17, 6;
    %pushi/vec4 0, 0, 32;
    %assign/vec4 v0x5587d5295d40_0, 0;
    %jmp T_17.19;
T_17.14 ;
    %load/vec4 v0x5587d52969c0_0;
    %cmpi/e 3, 0, 32;
    %jmp/0xz  T_17.20, 4;
    %pushi/vec4 1, 0, 1;
    %store/vec4 v0x5587d5295c80_0, 0, 1;
    %pushi/vec4 1, 0, 32;
    %assign/vec4 v0x5587d5295d40_0, 0;
    %load/vec4 v0x5587d52954c0_0;
    %assign/vec4 v0x5587d5295680_0, 0;
    %load/vec4 v0x5587d5296180_0;
    %assign/vec4 v0x5587d5296340_0, 0;
    %jmp T_17.21;
T_17.20 ;
    %pushi/vec4 0, 0, 1;
    %store/vec4 v0x5587d5295c80_0, 0, 1;
T_17.21 ;
    %jmp T_17.19;
T_17.15 ;
    %load/vec4 v0x5587d52950a0_0;
    %nor/r;
    %flag_set/vec4 8;
    %jmp/0xz  T_17.22, 8;
    %load/vec4 v0x5587d5295680_0;
    %assign/vec4 v0x5587d5295ac0_0, 0;
    %load/vec4 v0x5587d5296340_0;
    %assign/vec4 v0x5587d5295ba0_0, 0;
    %pushi/vec4 2, 0, 32;
    %assign/vec4 v0x5587d5295d40_0, 0;
    %jmp T_17.23;
T_17.22 ;
    %pushi/vec4 0, 0, 32;
    %assign/vec4 v0x5587d5295d40_0, 0;
T_17.23 ;
    %jmp T_17.19;
T_17.16 ;
    %load/vec4 v0x5587d5295000_0;
    %pushi/vec4 4294901760, 0, 32;
    %concati/vec4 4294901760, 0, 32;
    %concati/vec4 2882382797, 0, 32;
    %concati/vec4 2882382797, 0, 32;
    %concati/vec4 2175736314, 0, 32;
    %concati/vec4 2576282984, 0, 35;
    %concati/vec4 3471248648, 0, 33;
    %concati/vec4 179568639, 0, 28;
    %cmp/ne;
    %jmp/0xz  T_17.24, 4;
    %load/vec4 v0x5587d5295000_0;
    %assign/vec4 v0x5587d5295920_0, 0;
    %pushi/vec4 1, 0, 1;
    %assign/vec4 v0x5587d5295a00_0, 0;
    %load/vec4 v0x5587d5295680_0;
    %assign/vec4 v0x5587d5295ac0_0, 0;
    %load/vec4 v0x5587d5296340_0;
    %assign/vec4 v0x5587d5295ba0_0, 0;
    %jmp T_17.25;
T_17.24 ;
    %pushi/vec4 0, 0, 1;
    %assign/vec4 v0x5587d5295a00_0, 0;
    %pushi/vec4 0, 0, 32;
    %assign/vec4 v0x5587d5295d40_0, 0;
T_17.25 ;
    %jmp T_17.19;
T_17.17 ;
    %jmp T_17.19;
T_17.19 ;
    %pop/vec4 1;
    %load/vec4 v0x5587d5295f00_0;
    %flag_set/vec4 8;
    %jmp/0xz  T_17.26, 8;
    %load/vec4 v0x5587d5295140_0;
    %addi 1, 0, 13;
    %assign/vec4 v0x5587d5295140_0, 0;
    %jmp T_17.27;
T_17.26 ;
    %pushi/vec4 0, 0, 13;
    %assign/vec4 v0x5587d5295140_0, 0;
T_17.27 ;
    %load/vec4 v0x5587d5295fc0_0;
    %dup/vec4;
    %pushi/vec4 0, 0, 32;
    %cmp/u;
    %jmp/1 T_17.28, 6;
    %dup/vec4;
    %pushi/vec4 1, 0, 32;
    %cmp/u;
    %jmp/1 T_17.29, 6;
    %dup/vec4;
    %pushi/vec4 2, 0, 32;
    %cmp/u;
    %jmp/1 T_17.30, 6;
    %dup/vec4;
    %pushi/vec4 3, 0, 32;
    %cmp/u;
    %jmp/1 T_17.31, 6;
    %jmp T_17.32;
T_17.28 ;
    %load/vec4 v0x5587d5295f00_0;
    %flag_set/vec4 8;
    %jmp/0xz  T_17.33, 8;
    %pushi/vec4 0, 0, 5;
    %assign/vec4 v0x5587d5296420_0, 0;
    %pushi/vec4 1, 0, 32;
    %assign/vec4 v0x5587d5295fc0_0, 0;
    %load/vec4 v0x5587d5296500_0;
    %parti/s 248, 0, 2;
    %load/vec4 v0x5587d5295e20_0;
    %concat/vec4; draw_concat_vec4
    %assign/vec4 v0x5587d5296500_0, 0;
    %jmp T_17.34;
T_17.33 ;
    %pushi/vec4 0, 0, 32;
    %assign/vec4 v0x5587d5295fc0_0, 0;
    %pushi/vec4 0, 0, 256;
    %assign/vec4 v0x5587d5296500_0, 0;
    %pushi/vec4 0, 0, 5;
    %assign/vec4 v0x5587d5296420_0, 0;
T_17.34 ;
    %jmp T_17.32;
T_17.29 ;
    %load/vec4 v0x5587d5295f00_0;
    %flag_set/vec4 8;
    %jmp/0xz  T_17.35, 8;
    %load/vec4 v0x5587d5296500_0;
    %parti/s 248, 0, 2;
    %load/vec4 v0x5587d5295e20_0;
    %concat/vec4; draw_concat_vec4
    %assign/vec4 v0x5587d5296500_0, 0;
    %load/vec4 v0x5587d5296420_0;
    %addi 1, 0, 5;
    %assign/vec4 v0x5587d5296420_0, 0;
    %load/vec4 v0x5587d5295140_0;
    %pad/u 32;
    %cmpi/e 34, 0, 32;
    %jmp/0xz  T_17.37, 4;
    %load/vec4 v0x5587d5295e20_0;
    %ix/load 4, 8, 0;
    %ix/load 5, 0, 0;
    %flag_set/imm 4, 0;
    %assign/vec4/off/d v0x5587d5296180_0, 4, 5;
    %jmp T_17.38;
T_17.37 ;
    %load/vec4 v0x5587d5295140_0;
    %pad/u 32;
    %cmpi/e 35, 0, 32;
    %jmp/0xz  T_17.39, 4;
    %load/vec4 v0x5587d5295e20_0;
    %ix/load 4, 0, 0;
    %ix/load 5, 0, 0;
    %flag_set/imm 4, 0;
    %assign/vec4/off/d v0x5587d5296180_0, 4, 5;
    %jmp T_17.40;
T_17.39 ;
    %load/vec4 v0x5587d5295140_0;
    %pad/u 32;
    %cmpi/e 36, 0, 32;
    %jmp/0xz  T_17.41, 4;
    %load/vec4 v0x5587d5295e20_0;
    %parti/s 4, 0, 2;
    %assign/vec4 v0x5587d52954c0_0, 0;
T_17.41 ;
T_17.40 ;
T_17.38 ;
    %load/vec4 v0x5587d5296420_0;
    %cmpi/e 31, 0, 5;
    %jmp/0xz  T_17.43, 4;
    %pushi/vec4 0, 0, 248;
    %ix/load 4, 8, 0;
    %ix/load 5, 0, 0;
    %flag_set/imm 4, 0;
    %assign/vec4/off/d v0x5587d5296500_0, 4, 5;
T_17.43 ;
    %jmp T_17.36;
T_17.35 ;
    %pushi/vec4 2, 0, 32;
    %assign/vec4 v0x5587d5295fc0_0, 0;
T_17.36 ;
    %jmp T_17.32;
T_17.30 ;
    %load/vec4 v0x5587d5296500_0;
    %assign/vec4 v0x5587d5296500_0, 0;
    %pushi/vec4 3, 0, 32;
    %assign/vec4 v0x5587d5295fc0_0, 0;
    %jmp T_17.32;
T_17.31 ;
    %pushi/vec4 0, 0, 5;
    %assign/vec4 v0x5587d5296420_0, 0;
    %pushi/vec4 0, 0, 32;
    %assign/vec4 v0x5587d5295fc0_0, 0;
    %pushi/vec4 0, 0, 256;
    %assign/vec4 v0x5587d5296500_0, 0;
    %jmp T_17.32;
T_17.32 ;
    %pop/vec4 1;
T_17.1 ;
    %load/vec4 v0x5587d5295760_0;
    %assign/vec4 v0x5587d5295840_0, 0;
    %load/vec4 v0x5587d52951e0_0;
    %assign/vec4 v0x5587d52952a0_0, 0;
    %load/vec4 v0x5587d5295400_0;
    %assign/vec4 v0x5587d52955a0_0, 0;
    %load/vec4 v0x5587d52960a0_0;
    %assign/vec4 v0x5587d5296260_0, 0;
    %jmp T_17;
    .thread T_17;
# The file index is used to find the file name in the following table.
:file_names 4;
    "N/A";
    "<interactive>";
    "pkt8to256out.sv";
    "./super_asyncFIFO.v";
