#! /usr/local/Cellar/icarus-verilog/10.2_1/bin/vvp
:ivl_version "10.2 (stable)" "(v10_2)";
:ivl_delay_selection "TYPICAL";
:vpi_time_precision - 12;
:vpi_module "system";
:vpi_module "vhdl_sys";
:vpi_module "v2005_math";
:vpi_module "va_math";
S_0x7fa75e444890 .scope module, "tb_detect_errors" "tb_detect_errors" 2 2;
 .timescale -9 -12;
P_0x7fa75e40e320 .param/l "CYCLE" 0 2 4, +C4<00000000000000000000000000010000>;
P_0x7fa75e40e360 .param/l "packetsize" 0 2 6, +C4<00000000000000000000000000100001>;
P_0x7fa75e40e3a0 .param/l "segment_number_max" 0 2 7, C4<0000000000000101>;
P_0x7fa75e40e3e0 .param/l "whereis_aux" 0 2 5, +C4<00000000000000000000000000000000>;
v0x7fa75e46dbb0_0 .var/i "a", 31 0;
v0x7fa75e46dc40_0 .var "clk", 0 0;
v0x7fa75e46dcd0_0 .net "count", 31 0, v0x7fa75e46cf80_0;  1 drivers
v0x7fa75e46dd60_0 .var/i "i", 31 0;
v0x7fa75e46ddf0_0 .var/i "j", 31 0;
v0x7fa75e46de90_0 .var/i "k", 31 0;
v0x7fa75e46df40_0 .net "lostnum", 31 0, v0x7fa75e46d230_0;  1 drivers
v0x7fa75e46dfe0_0 .net "ng", 31 0, v0x7fa75e46d300_0;  1 drivers
v0x7fa75e46e090_0 .net "ok", 31 0, v0x7fa75e46d3d0_0;  1 drivers
v0x7fa75e46e1c0_0 .var "rst", 0 0;
v0x7fa75e46e250_0 .var "rx_data", 7 0;
v0x7fa75e46e2e0_0 .var "rx_en", 0 0;
v0x7fa75e46e390_0 .var "segment_number", 15 0;
v0x7fa75e46e440_0 .net "state", 2 0, v0x7fa75e46d900_0;  1 drivers
v0x7fa75e46e4f0_0 .net "valid", 0 0, v0x7fa75e46d9d0_0;  1 drivers
S_0x7fa75e430f50 .scope task, "onepacket" "onepacket" 2 38, 2 38 0, S_0x7fa75e444890;
 .timescale -9 -12;
v0x7fa75e447f20_0 .var "aux", 7 0;
v0x7fa75e46aea0_0 .var/i "i", 31 0;
TD_tb_detect_errors.onepacket ;
    %pushi/vec4 1, 0, 1;
    %store/vec4 v0x7fa75e46e2e0_0, 0, 1;
    %pushi/vec4 0, 0, 32;
    %store/vec4 v0x7fa75e46aea0_0, 0, 32;
T_0.0 ;
    %load/vec4 v0x7fa75e46aea0_0;
    %cmpi/s 33, 0, 32;
    %jmp/0xz T_0.1, 5;
    %load/vec4 v0x7fa75e46aea0_0;
    %dup/vec4;
    %pushi/vec4 0, 0, 32;
    %cmp/u;
    %jmp/1 T_0.2, 6;
    %pushi/vec4 18, 0, 8;
    %store/vec4 v0x7fa75e46e250_0, 0, 8;
    %jmp T_0.4;
T_0.2 ;
    %load/vec4 v0x7fa75e447f20_0;
    %store/vec4 v0x7fa75e46e250_0, 0, 8;
    %jmp T_0.4;
T_0.4 ;
    %pop/vec4 1;
    %delay 16000, 0;
    %load/vec4 v0x7fa75e46aea0_0;
    %addi 1, 0, 32;
    %store/vec4 v0x7fa75e46aea0_0, 0, 32;
    %jmp T_0.0;
T_0.1 ;
    %pushi/vec4 0, 0, 1;
    %store/vec4 v0x7fa75e46e2e0_0, 0, 1;
    %pushi/vec4 255, 255, 8;
    %store/vec4 v0x7fa75e46e250_0, 0, 8;
    %end;
S_0x7fa75e46af40 .scope module, "uut" "detect_errors2" 2 18, 3 3 0, S_0x7fa75e444890;
 .timescale -9 -12;
    .port_info 0 /INPUT 1 "clk"
    .port_info 1 /INPUT 1 "rst"
    .port_info 2 /INPUT 16 "segment_number_max"
    .port_info 3 /INPUT 16 "seg"
    .port_info 4 /INPUT 1 "rx_en"
    .port_info 5 /INPUT 8 "rx_data"
    .port_info 6 /OUTPUT 32 "count"
    .port_info 7 /OUTPUT 32 "ok"
    .port_info 8 /OUTPUT 32 "ng"
    .port_info 9 /OUTPUT 32 "lostnum"
    .port_info 10 /OUTPUT 1 "valid"
    .port_info 11 /OUTPUT 3 "state"
P_0x7fa75e46b0f0 .param/l "maxaux" 1 3 19, C4<11111111>;
P_0x7fa75e46b130 .param/l "maxcount" 1 3 18, +C4<00000000000001111010000100100000>;
P_0x7fa75e46b170 .param/l "state_wait" 1 3 46, +C4<00000000000000000000000000000000>;
P_0x7fa75e46b1b0 .param/l "whereis_aux" 0 3 3, +C4<00000000000000000000000000000000>;
L_0x7fa75e557b00 .functor AND 1, L_0x7fa75e5857d0, v0x7fa75e46e2e0_0, C4<1>, C4<1>;
L_0x103dff008 .functor BUFT 1, C4<00000000000000000000000000000000>, C4<0>, C4<0>, C4<0>;
v0x7fa75e46b5a0_0 .net/2u *"_s0", 31 0, L_0x103dff008;  1 drivers
L_0x103dff098 .functor BUFT 1, C4<00000000000000000000000000000011>, C4<0>, C4<0>, C4<0>;
v0x7fa75e46b660_0 .net/2u *"_s10", 31 0, L_0x103dff098;  1 drivers
v0x7fa75e46b700_0 .net *"_s12", 31 0, L_0x7fa75e538380;  1 drivers
L_0x103dff0e0 .functor BUFT 1, C4<0000000000000000>, C4<0>, C4<0>, C4<0>;
v0x7fa75e46b790_0 .net *"_s15", 15 0, L_0x103dff0e0;  1 drivers
L_0x103dff128 .functor BUFT 1, C4<00000000000000000000000000000101>, C4<0>, C4<0>, C4<0>;
v0x7fa75e46b820_0 .net/2u *"_s18", 31 0, L_0x103dff128;  1 drivers
v0x7fa75e46b8f0_0 .net *"_s2", 31 0, L_0x7fa75e5033f0;  1 drivers
v0x7fa75e46b9a0_0 .net *"_s20", 31 0, L_0x7fa75e50c6d0;  1 drivers
L_0x103dff170 .functor BUFT 1, C4<0000000000000000>, C4<0>, C4<0>, C4<0>;
v0x7fa75e46ba50_0 .net *"_s23", 15 0, L_0x103dff170;  1 drivers
L_0x103dff1b8 .functor BUFT 1, C4<00000000000000000000000000000110>, C4<0>, C4<0>, C4<0>;
v0x7fa75e46bb00_0 .net/2u *"_s26", 31 0, L_0x103dff1b8;  1 drivers
v0x7fa75e46bc10_0 .net *"_s28", 31 0, L_0x7fa75e545790;  1 drivers
L_0x103dff200 .functor BUFT 1, C4<0000000000000000>, C4<0>, C4<0>, C4<0>;
v0x7fa75e46bcc0_0 .net *"_s31", 15 0, L_0x103dff200;  1 drivers
L_0x103dff248 .functor BUFT 1, C4<00000000000000000000000000000111>, C4<0>, C4<0>, C4<0>;
v0x7fa75e46bd70_0 .net/2u *"_s34", 31 0, L_0x103dff248;  1 drivers
v0x7fa75e46be20_0 .net *"_s36", 31 0, L_0x7fa75e57bcd0;  1 drivers
L_0x103dff290 .functor BUFT 1, C4<0000000000000000>, C4<0>, C4<0>, C4<0>;
v0x7fa75e46bed0_0 .net *"_s39", 15 0, L_0x103dff290;  1 drivers
L_0x103dff2d8 .functor BUFT 1, C4<11111111>, C4<0>, C4<0>, C4<0>;
v0x7fa75e46bf80_0 .net/2u *"_s42", 7 0, L_0x103dff2d8;  1 drivers
v0x7fa75e46c030_0 .net *"_s44", 0 0, L_0x7fa75e5597b0;  1 drivers
L_0x103dff320 .functor BUFT 1, C4<00000001>, C4<0>, C4<0>, C4<0>;
v0x7fa75e46c0d0_0 .net/2u *"_s46", 7 0, L_0x103dff320;  1 drivers
v0x7fa75e46c260_0 .net *"_s48", 7 0, L_0x7fa75e57e6e0;  1 drivers
L_0x103dff050 .functor BUFT 1, C4<0000000000000000>, C4<0>, C4<0>, C4<0>;
v0x7fa75e46c2f0_0 .net *"_s5", 15 0, L_0x103dff050;  1 drivers
L_0x103dff368 .functor BUFT 1, C4<00000000>, C4<0>, C4<0>, C4<0>;
v0x7fa75e46c3a0_0 .net/2u *"_s50", 7 0, L_0x103dff368;  1 drivers
L_0x103dff3b0 .functor BUFT 1, C4<00000001>, C4<0>, C4<0>, C4<0>;
v0x7fa75e46c450_0 .net/2u *"_s54", 7 0, L_0x103dff3b0;  1 drivers
v0x7fa75e46c500_0 .net *"_s6", 0 0, L_0x7fa75e5857d0;  1 drivers
v0x7fa75e46c5a0_0 .var "addr", 15 0;
v0x7fa75e46c650_0 .var "aux", 7 0;
v0x7fa75e46c720_0 .var "aux_new", 7 0;
v0x7fa75e46c7d0_0 .net "aux_new_pros", 7 0, L_0x7fa75e57e780;  1 drivers
v0x7fa75e46c880_0 .var "aux_old", 7 0;
v0x7fa75e46c930_0 .net "aux_oldp1", 7 0, L_0x7fa75e581e60;  1 drivers
v0x7fa75e46c9e0_0 .net "aux_on", 0 0, L_0x7fa75e557b00;  1 drivers
v0x7fa75e46ca80_0 .net "aux_on_1", 0 0, L_0x7fa75e566ed0;  1 drivers
v0x7fa75e46cb20_0 .net "aux_on_2", 0 0, L_0x7fa75e511e30;  1 drivers
v0x7fa75e46cbc0_0 .net "aux_on_3", 0 0, L_0x7fa75e57ca80;  1 drivers
v0x7fa75e46cc60_0 .net "aux_on_delay", 0 0, L_0x7fa75e523110;  1 drivers
v0x7fa75e46c170_0 .var "aux_prev", 7 0;
v0x7fa75e46cef0_0 .net "clk", 0 0, v0x7fa75e46dc40_0;  1 drivers
v0x7fa75e46cf80_0 .var "count", 31 0;
v0x7fa75e46d040_0 .var "count_edge", 15 0;
v0x7fa75e46d0f0_0 .var "count_on", 0 0;
v0x7fa75e46d190_0 .var "endflag", 0 0;
v0x7fa75e46d230_0 .var "lostnum", 31 0;
v0x7fa75e46d300_0 .var "ng", 31 0;
v0x7fa75e46d3d0_0 .var "ok", 31 0;
v0x7fa75e46d4a0_0 .net "rst", 0 0, v0x7fa75e46e1c0_0;  1 drivers
v0x7fa75e46d540_0 .net "rx_data", 7 0, v0x7fa75e46e250_0;  1 drivers
v0x7fa75e46d610_0 .net "rx_en", 0 0, v0x7fa75e46e2e0_0;  1 drivers
v0x7fa75e46d6d0_0 .net "seg", 15 0, v0x7fa75e46e390_0;  1 drivers
v0x7fa75e46d7a0_0 .var "seg_prev", 15 0;
L_0x103dff3f8 .functor BUFT 1, C4<0000000000000101>, C4<0>, C4<0>, C4<0>;
v0x7fa75e46d850_0 .net "segment_number_max", 15 0, L_0x103dff3f8;  1 drivers
v0x7fa75e46d900_0 .var "state", 2 0;
v0x7fa75e46d9d0_0 .var "valid", 0 0;
E_0x7fa75e46b550 .event posedge, v0x7fa75e46cef0_0;
L_0x7fa75e5033f0 .concat [ 16 16 0 0], v0x7fa75e46d040_0, L_0x103dff050;
L_0x7fa75e5857d0 .cmp/eq 32, L_0x103dff008, L_0x7fa75e5033f0;
L_0x7fa75e538380 .concat [ 16 16 0 0], v0x7fa75e46d040_0, L_0x103dff0e0;
L_0x7fa75e523110 .cmp/eq 32, L_0x103dff098, L_0x7fa75e538380;
L_0x7fa75e50c6d0 .concat [ 16 16 0 0], v0x7fa75e46d040_0, L_0x103dff170;
L_0x7fa75e566ed0 .cmp/eq 32, L_0x103dff128, L_0x7fa75e50c6d0;
L_0x7fa75e545790 .concat [ 16 16 0 0], v0x7fa75e46d040_0, L_0x103dff200;
L_0x7fa75e511e30 .cmp/eq 32, L_0x103dff1b8, L_0x7fa75e545790;
L_0x7fa75e57bcd0 .concat [ 16 16 0 0], v0x7fa75e46d040_0, L_0x103dff290;
L_0x7fa75e57ca80 .cmp/eq 32, L_0x103dff248, L_0x7fa75e57bcd0;
L_0x7fa75e5597b0 .cmp/gt 8, L_0x103dff2d8, v0x7fa75e46c880_0;
L_0x7fa75e57e6e0 .arith/sum 8, v0x7fa75e46c880_0, L_0x103dff320;
L_0x7fa75e57e780 .functor MUXZ 8, L_0x103dff368, L_0x7fa75e57e6e0, L_0x7fa75e5597b0, C4<>;
L_0x7fa75e581e60 .arith/sum 8, v0x7fa75e46c880_0, L_0x103dff3b0;
    .scope S_0x7fa75e46af40;
T_1 ;
    %pushi/vec4 255, 0, 8;
    %store/vec4 v0x7fa75e46c650_0, 0, 8;
    %end;
    .thread T_1;
    .scope S_0x7fa75e46af40;
T_2 ;
    %wait E_0x7fa75e46b550;
    %load/vec4 v0x7fa75e46d4a0_0;
    %flag_set/vec4 8;
    %jmp/0xz  T_2.0, 8;
    %pushi/vec4 0, 0, 16;
    %assign/vec4 v0x7fa75e46d040_0, 0;
    %pushi/vec4 0, 0, 1;
    %assign/vec4 v0x7fa75e46d190_0, 0;
    %pushi/vec4 0, 0, 32;
    %assign/vec4 v0x7fa75e46cf80_0, 0;
    %pushi/vec4 0, 0, 32;
    %assign/vec4 v0x7fa75e46d3d0_0, 0;
    %pushi/vec4 0, 0, 32;
    %store/vec4 v0x7fa75e46d230_0, 0, 32;
    %pushi/vec4 0, 0, 1;
    %assign/vec4 v0x7fa75e46d9d0_0, 0;
    %pushi/vec4 0, 0, 8;
    %assign/vec4 v0x7fa75e46c650_0, 0;
    %pushi/vec4 0, 0, 8;
    %assign/vec4 v0x7fa75e46c170_0, 0;
    %pushi/vec4 0, 0, 32;
    %assign/vec4 v0x7fa75e46d300_0, 0;
    %pushi/vec4 0, 0, 16;
    %assign/vec4 v0x7fa75e46c5a0_0, 0;
    %pushi/vec4 0, 0, 8;
    %assign/vec4 v0x7fa75e46c720_0, 0;
    %pushi/vec4 0, 0, 8;
    %assign/vec4 v0x7fa75e46c880_0, 0;
    %pushi/vec4 0, 0, 1;
    %store/vec4 v0x7fa75e46d0f0_0, 0, 1;
    %pushi/vec4 0, 0, 16;
    %store/vec4 v0x7fa75e46d7a0_0, 0, 16;
    %pushi/vec4 0, 0, 3;
    %store/vec4 v0x7fa75e46d900_0, 0, 3;
    %jmp T_2.1;
T_2.0 ;
    %load/vec4 v0x7fa75e46d610_0;
    %flag_set/vec4 8;
    %jmp/0xz  T_2.2, 8;
    %load/vec4 v0x7fa75e46d040_0;
    %addi 1, 0, 16;
    %assign/vec4 v0x7fa75e46d040_0, 0;
    %load/vec4 v0x7fa75e46c9e0_0;
    %flag_set/vec4 8;
    %jmp/0xz  T_2.4, 8;
    %load/vec4 v0x7fa75e46c720_0;
    %assign/vec4 v0x7fa75e46c880_0, 0;
    %load/vec4 v0x7fa75e46d540_0;
    %assign/vec4 v0x7fa75e46c720_0, 0;
T_2.4 ;
    %jmp T_2.3;
T_2.2 ;
    %pushi/vec4 0, 0, 16;
    %assign/vec4 v0x7fa75e46d040_0, 0;
T_2.3 ;
    %load/vec4 v0x7fa75e46d900_0;
    %dup/vec4;
    %pushi/vec4 0, 0, 3;
    %cmp/u;
    %jmp/1 T_2.6, 6;
    %dup/vec4;
    %pushi/vec4 1, 0, 3;
    %cmp/u;
    %jmp/1 T_2.7, 6;
    %dup/vec4;
    %pushi/vec4 2, 0, 3;
    %cmp/u;
    %jmp/1 T_2.8, 6;
    %jmp T_2.9;
T_2.6 ;
    %load/vec4 v0x7fa75e46ca80_0;
    %load/vec4 v0x7fa75e46c720_0;
    %pad/u 32;
    %pushi/vec4 0, 0, 32;
    %cmp/e;
    %flag_get/vec4 4;
    %and;
    %flag_set/vec4 8;
    %jmp/0xz  T_2.10, 8;
    %pushi/vec4 1, 0, 3;
    %assign/vec4 v0x7fa75e46d900_0, 0;
    %pushi/vec4 1, 0, 32;
    %assign/vec4 v0x7fa75e46cf80_0, 0;
    %pushi/vec4 1, 0, 32;
    %assign/vec4 v0x7fa75e46d3d0_0, 0;
    %pushi/vec4 0, 0, 32;
    %assign/vec4 v0x7fa75e46d300_0, 0;
T_2.10 ;
    %jmp T_2.9;
T_2.7 ;
    %load/vec4 v0x7fa75e46ca80_0;
    %flag_set/vec4 8;
    %jmp/0xz  T_2.12, 8;
    %load/vec4 v0x7fa75e46cf80_0;
    %addi 1, 0, 32;
    %assign/vec4 v0x7fa75e46cf80_0, 0;
    %load/vec4 v0x7fa75e46c930_0;
    %load/vec4 v0x7fa75e46c720_0;
    %cmp/e;
    %jmp/0xz  T_2.14, 4;
    %load/vec4 v0x7fa75e46d3d0_0;
    %addi 1, 0, 32;
    %assign/vec4 v0x7fa75e46d3d0_0, 0;
    %jmp T_2.15;
T_2.14 ;
    %load/vec4 v0x7fa75e46d300_0;
    %addi 1, 0, 32;
    %assign/vec4 v0x7fa75e46d300_0, 0;
T_2.15 ;
T_2.12 ;
    %load/vec4 v0x7fa75e46cb20_0;
    %pushi/vec4 500000, 0, 32;
    %load/vec4 v0x7fa75e46cf80_0;
    %cmp/u;
    %flag_get/vec4 4;
    %flag_get/vec4 5;
    %or;
    %and;
    %flag_set/vec4 8;
    %jmp/0xz  T_2.16, 8;
    %pushi/vec4 2, 0, 3;
    %assign/vec4 v0x7fa75e46d900_0, 0;
T_2.16 ;
    %jmp T_2.9;
T_2.8 ;
    %jmp T_2.9;
T_2.9 ;
    %pop/vec4 1;
T_2.1 ;
    %jmp T_2;
    .thread T_2;
    .scope S_0x7fa75e444890;
T_3 ;
    %pushi/vec4 0, 0, 1;
    %store/vec4 v0x7fa75e46e2e0_0, 0, 1;
    %pushi/vec4 0, 0, 1;
    %store/vec4 v0x7fa75e46dc40_0, 0, 1;
    %pushi/vec4 0, 0, 1;
    %store/vec4 v0x7fa75e46e1c0_0, 0, 1;
    %pushi/vec4 0, 0, 8;
    %store/vec4 v0x7fa75e46e250_0, 0, 8;
    %end;
    .thread T_3;
    .scope S_0x7fa75e444890;
T_4 ;
    %delay 3000, 0;
    %load/vec4 v0x7fa75e46dc40_0;
    %nor/r;
    %store/vec4 v0x7fa75e46dc40_0, 0, 1;
    %delay 5000, 0;
    %jmp T_4;
    .thread T_4;
    .scope S_0x7fa75e444890;
T_5 ;
    %vpi_call 2 64 "$dumpfile", "tb_detect_errors.vcd" {0 0 0};
    %vpi_call 2 65 "$dumpvars", 32'sb00000000000000000000000000000000, S_0x7fa75e46af40 {0 0 0};
    %pushi/vec4 0, 0, 1;
    %store/vec4 v0x7fa75e46dc40_0, 0, 1;
    %pushi/vec4 0, 0, 1;
    %store/vec4 v0x7fa75e46e1c0_0, 0, 1;
    %pushi/vec4 0, 0, 1;
    %store/vec4 v0x7fa75e46e2e0_0, 0, 1;
    %pushi/vec4 255, 255, 8;
    %store/vec4 v0x7fa75e46e250_0, 0, 8;
    %delay 32000, 0;
    %pushi/vec4 1, 0, 1;
    %store/vec4 v0x7fa75e46e1c0_0, 0, 1;
    %delay 16000, 0;
    %pushi/vec4 0, 0, 1;
    %store/vec4 v0x7fa75e46e1c0_0, 0, 1;
    %delay 48000, 0;
    %pushi/vec4 0, 0, 32;
    %store/vec4 v0x7fa75e46dbb0_0, 0, 32;
    %delay 480000, 0;
    %pushi/vec4 0, 0, 32;
    %store/vec4 v0x7fa75e46de90_0, 0, 32;
T_5.0 ;
    %load/vec4 v0x7fa75e46de90_0;
    %cmpi/s 4, 0, 32;
    %jmp/0xz T_5.1, 5;
    %pushi/vec4 0, 0, 32;
    %store/vec4 v0x7fa75e46dd60_0, 0, 32;
T_5.2 ;
    %load/vec4 v0x7fa75e46dd60_0;
    %cmpi/s 255, 0, 32;
    %flag_or 5, 4;
    %jmp/0xz T_5.3, 5;
    %pushi/vec4 0, 0, 32;
    %store/vec4 v0x7fa75e46ddf0_0, 0, 32;
T_5.4 ;
    %load/vec4 v0x7fa75e46ddf0_0;
    %cmpi/u 5, 0, 32;
    %jmp/0xz T_5.5, 5;
    %load/vec4 v0x7fa75e46ddf0_0;
    %pad/s 16;
    %store/vec4 v0x7fa75e46e390_0, 0, 16;
    %load/vec4 v0x7fa75e46dbb0_0;
    %pad/s 8;
    %store/vec4 v0x7fa75e447f20_0, 0, 8;
    %fork TD_tb_detect_errors.onepacket, S_0x7fa75e430f50;
    %join;
    %load/vec4 v0x7fa75e46dbb0_0;
    %addi 1, 0, 32;
    %store/vec4 v0x7fa75e46dbb0_0, 0, 32;
    %delay 160000, 0;
    %load/vec4 v0x7fa75e46ddf0_0;
    %addi 1, 0, 32;
    %store/vec4 v0x7fa75e46ddf0_0, 0, 32;
    %jmp T_5.4;
T_5.5 ;
    %delay 48000, 0;
    %load/vec4 v0x7fa75e46dd60_0;
    %addi 1, 0, 32;
    %store/vec4 v0x7fa75e46dd60_0, 0, 32;
    %jmp T_5.2;
T_5.3 ;
    %delay 144000, 0;
    %load/vec4 v0x7fa75e46de90_0;
    %addi 1, 0, 32;
    %store/vec4 v0x7fa75e46de90_0, 0, 32;
    %jmp T_5.0;
T_5.1 ;
    %delay 640000, 0;
    %vpi_call 2 93 "$finish" {0 0 0};
    %end;
    .thread T_5;
# The file index is used to find the file name in the following table.
:file_names 4;
    "N/A";
    "<interactive>";
    "tb_detect_errors.v";
    "../detect_errors2.v";
